<?xml version="1.0" encoding="UTF-8"?>
<testng-results ignored="0" total="1" passed="1" failed="0" skipped="0">
  <reporter-output>
    <line>
      <![CDATA[Verification Passed for Marca-0]]>
    </line>
    <line>
      <![CDATA[Verification Passed for Nombre-0]]>
    </line>
    <line>
      <![CDATA[Verification Passed for Price-0]]>
    </line>
    <line>
      <![CDATA[Verification Skipped for EAN-0]]>
    </line>
    <line>
      <![CDATA[Verification Passed for Availability-0]]>
    </line>
    <line>
      <![CDATA[Verification Passed for Marca-1]]>
    </line>
    <line>
      <![CDATA[Verification Passed for Nombre-1]]>
    </line>
    <line>
      <![CDATA[Verification Passed for Price-1]]>
    </line>
    <line>
      <![CDATA[Verification Skipped for EAN-1]]>
    </line>
    <line>
      <![CDATA[Verification Passed for Availability-1]]>
    </line>
    <line>
      <![CDATA[Verification Passed for Marca-2]]>
    </line>
    <line>
      <![CDATA[Verification Passed for Nombre-2]]>
    </line>
    <line>
      <![CDATA[Verification Failed for Price-2-R$ 69,70]]>
    </line>
    <line>
      <![CDATA[Verification Skipped for EAN-2]]>
    </line>
    <line>
      <![CDATA[Verification Passed for Availability-2]]>
    </line>
    <line>
      <![CDATA[Verification Passed for Marca-3]]>
    </line>
    <line>
      <![CDATA[Verification Passed for Nombre-3]]>
    </line>
    <line>
      <![CDATA[Verification Failed for Price-3-R$ 44,90]]>
    </line>
    <line>
      <![CDATA[Verification Skipped for EAN-3]]>
    </line>
    <line>
      <![CDATA[Verification Passed for Availability-3]]>
    </line>
    <line>
      <![CDATA[Verification Passed for Marca-4]]>
    </line>
    <line>
      <![CDATA[Verification Passed for Nombre-4]]>
    </line>
    <line>
      <![CDATA[Verification Passed for Price-4]]>
    </line>
    <line>
      <![CDATA[Verification Skipped for EAN-4]]>
    </line>
    <line>
      <![CDATA[Verification Passed for Availability-4]]>
    </line>
    <line>
      <![CDATA[Verification Passed for Marca-5]]>
    </line>
    <line>
      <![CDATA[Verification Passed for Nombre-5]]>
    </line>
    <line>
      <![CDATA[Verification Passed for Price-5]]>
    </line>
    <line>
      <![CDATA[Verification Skipped for EAN-5]]>
    </line>
    <line>
      <![CDATA[Verification Passed for Availability-5]]>
    </line>
    <line>
      <![CDATA[Verification Passed for Marca-6]]>
    </line>
    <line>
      <![CDATA[Verification Passed for Nombre-6]]>
    </line>
    <line>
      <![CDATA[Verification Passed for Price-6]]>
    </line>
    <line>
      <![CDATA[Verification Skipped for EAN-6]]>
    </line>
    <line>
      <![CDATA[Verification Passed for Availability-6]]>
    </line>
    <line>
      <![CDATA[Verification Passed for Marca-7]]>
    </line>
    <line>
      <![CDATA[Verification Passed for Nombre-7]]>
    </line>
    <line>
      <![CDATA[Verification Passed for Price-7]]>
    </line>
    <line>
      <![CDATA[Verification Skipped for EAN-7]]>
    </line>
    <line>
      <![CDATA[Verification Passed for Availability-7]]>
    </line>
    <line>
      <![CDATA[Verification Passed for Marca-8]]>
    </line>
    <line>
      <![CDATA[Verification Passed for Nombre-8]]>
    </line>
    <line>
      <![CDATA[Verification Failed for Price-8-R$ 49,90]]>
    </line>
    <line>
      <![CDATA[Verification Skipped for EAN-8]]>
    </line>
    <line>
      <![CDATA[Verification Passed for Availability-8]]>
    </line>
    <line>
      <![CDATA[Verification Passed for Marca-9]]>
    </line>
    <line>
      <![CDATA[Verification Passed for Nombre-9]]>
    </line>
    <line>
      <![CDATA[Verification Passed for Price-9]]>
    </line>
    <line>
      <![CDATA[Verification Skipped for EAN-9]]>
    </line>
    <line>
      <![CDATA[Verification Passed for Availability-9]]>
    </line>
    <line>
      <![CDATA[Verification Passed for Marca-10]]>
    </line>
    <line>
      <![CDATA[Verification Passed for Nombre-10]]>
    </line>
    <line>
      <![CDATA[Verification Passed for Price-10]]>
    </line>
    <line>
      <![CDATA[Verification Skipped for EAN-10]]>
    </line>
    <line>
      <![CDATA[Verification Passed for Availability-10]]>
    </line>
    <line>
      <![CDATA[Verification Passed for Marca-11]]>
    </line>
    <line>
      <![CDATA[Verification Passed for Nombre-11]]>
    </line>
    <line>
      <![CDATA[Verification Passed for Price-11]]>
    </line>
    <line>
      <![CDATA[Verification Skipped for EAN-11]]>
    </line>
    <line>
      <![CDATA[Verification Passed for Availability-11]]>
    </line>
  </reporter-output>
  <suite started-at="2020-02-03T20:54:32 PKT" name="Default suite" finished-at="2020-02-03T20:56:33 PKT" duration-ms="120543">
    <groups>
    </groups>
    <test started-at="2020-02-03T20:54:32 PKT" name="Default test" finished-at="2020-02-03T20:56:33 PKT" duration-ms="120543">
      <class name="MainItems.TestpagueMenos">
        <test-method is-config="true" signature="doBeforeTest()[pri:0, instance:MainItems.TestpagueMenos@f8c1ddd]" started-at="2020-02-03T20:54:32 PKT" name="doBeforeTest" finished-at="2020-02-03T20:54:38 PKT" duration-ms="6049" status="PASS">
          <reporter-output>
          </reporter-output>
        </test-method> <!-- doBeforeTest -->
        <test-method signature="Test()[pri:0, instance:MainItems.TestpagueMenos@f8c1ddd]" started-at="2020-02-03T20:54:38 PKT" name="Test" finished-at="2020-02-03T20:56:30 PKT" duration-ms="111083" status="PASS">
          <reporter-output>
            <line>
              <![CDATA[Verification Passed for Marca-0]]>
            </line>
            <line>
              <![CDATA[Verification Passed for Nombre-0]]>
            </line>
            <line>
              <![CDATA[Verification Passed for Price-0]]>
            </line>
            <line>
              <![CDATA[Verification Skipped for EAN-0]]>
            </line>
            <line>
              <![CDATA[Verification Passed for Availability-0]]>
            </line>
            <line>
              <![CDATA[Verification Passed for Marca-1]]>
            </line>
            <line>
              <![CDATA[Verification Passed for Nombre-1]]>
            </line>
            <line>
              <![CDATA[Verification Passed for Price-1]]>
            </line>
            <line>
              <![CDATA[Verification Skipped for EAN-1]]>
            </line>
            <line>
              <![CDATA[Verification Passed for Availability-1]]>
            </line>
            <line>
              <![CDATA[Verification Passed for Marca-2]]>
            </line>
            <line>
              <![CDATA[Verification Passed for Nombre-2]]>
            </line>
            <line>
              <![CDATA[Verification Failed for Price-2-R$ 69,70]]>
            </line>
            <line>
              <![CDATA[Verification Skipped for EAN-2]]>
            </line>
            <line>
              <![CDATA[Verification Passed for Availability-2]]>
            </line>
            <line>
              <![CDATA[Verification Passed for Marca-3]]>
            </line>
            <line>
              <![CDATA[Verification Passed for Nombre-3]]>
            </line>
            <line>
              <![CDATA[Verification Failed for Price-3-R$ 44,90]]>
            </line>
            <line>
              <![CDATA[Verification Skipped for EAN-3]]>
            </line>
            <line>
              <![CDATA[Verification Passed for Availability-3]]>
            </line>
            <line>
              <![CDATA[Verification Passed for Marca-4]]>
            </line>
            <line>
              <![CDATA[Verification Passed for Nombre-4]]>
            </line>
            <line>
              <![CDATA[Verification Passed for Price-4]]>
            </line>
            <line>
              <![CDATA[Verification Skipped for EAN-4]]>
            </line>
            <line>
              <![CDATA[Verification Passed for Availability-4]]>
            </line>
            <line>
              <![CDATA[Verification Passed for Marca-5]]>
            </line>
            <line>
              <![CDATA[Verification Passed for Nombre-5]]>
            </line>
            <line>
              <![CDATA[Verification Passed for Price-5]]>
            </line>
            <line>
              <![CDATA[Verification Skipped for EAN-5]]>
            </line>
            <line>
              <![CDATA[Verification Passed for Availability-5]]>
            </line>
            <line>
              <![CDATA[Verification Passed for Marca-6]]>
            </line>
            <line>
              <![CDATA[Verification Passed for Nombre-6]]>
            </line>
            <line>
              <![CDATA[Verification Passed for Price-6]]>
            </line>
            <line>
              <![CDATA[Verification Skipped for EAN-6]]>
            </line>
            <line>
              <![CDATA[Verification Passed for Availability-6]]>
            </line>
            <line>
              <![CDATA[Verification Passed for Marca-7]]>
            </line>
            <line>
              <![CDATA[Verification Passed for Nombre-7]]>
            </line>
            <line>
              <![CDATA[Verification Passed for Price-7]]>
            </line>
            <line>
              <![CDATA[Verification Skipped for EAN-7]]>
            </line>
            <line>
              <![CDATA[Verification Passed for Availability-7]]>
            </line>
            <line>
              <![CDATA[Verification Passed for Marca-8]]>
            </line>
            <line>
              <![CDATA[Verification Passed for Nombre-8]]>
            </line>
            <line>
              <![CDATA[Verification Failed for Price-8-R$ 49,90]]>
            </line>
            <line>
              <![CDATA[Verification Skipped for EAN-8]]>
            </line>
            <line>
              <![CDATA[Verification Passed for Availability-8]]>
            </line>
            <line>
              <![CDATA[Verification Passed for Marca-9]]>
            </line>
            <line>
              <![CDATA[Verification Passed for Nombre-9]]>
            </line>
            <line>
              <![CDATA[Verification Passed for Price-9]]>
            </line>
            <line>
              <![CDATA[Verification Skipped for EAN-9]]>
            </line>
            <line>
              <![CDATA[Verification Passed for Availability-9]]>
            </line>
            <line>
              <![CDATA[Verification Passed for Marca-10]]>
            </line>
            <line>
              <![CDATA[Verification Passed for Nombre-10]]>
            </line>
            <line>
              <![CDATA[Verification Passed for Price-10]]>
            </line>
            <line>
              <![CDATA[Verification Skipped for EAN-10]]>
            </line>
            <line>
              <![CDATA[Verification Passed for Availability-10]]>
            </line>
            <line>
              <![CDATA[Verification Passed for Marca-11]]>
            </line>
            <line>
              <![CDATA[Verification Passed for Nombre-11]]>
            </line>
            <line>
              <![CDATA[Verification Passed for Price-11]]>
            </line>
            <line>
              <![CDATA[Verification Skipped for EAN-11]]>
            </line>
            <line>
              <![CDATA[Verification Passed for Availability-11]]>
            </line>
          </reporter-output>
        </test-method> <!-- Test -->
        <test-method is-config="true" signature="driverdestroy()[pri:0, instance:MainItems.TestpagueMenos@f8c1ddd]" started-at="2020-02-03T20:56:30 PKT" name="driverdestroy" finished-at="2020-02-03T20:56:33 PKT" duration-ms="3376" status="PASS">
          <reporter-output>
          </reporter-output>
        </test-method> <!-- driverdestroy -->
      </class> <!-- MainItems.TestpagueMenos -->
    </test> <!-- Default test -->
  </suite> <!-- Default suite -->
</testng-results>
