<?xml version="1.0" encoding="UTF-8"?>
<!-- Generated by org.testng.reporters.JUnitXMLReporter -->
<testsuite ignored="0" hostname="NX00441" failures="0" tests="3" name="Event Adding and Removing" time="52.101" errors="0" timestamp="2020-01-21T17:14:44 PKT">
  <testcase classname="Skills.eventAddandDeletion" name="setEvent" time="1.927"/>
  <testcase classname="Skills.eventAddandDeletion" name="editEvent" time="29.198"/>
  <testcase classname="Skills.eventAddandDeletion" name="deleteEvent" time="0.569"/>
</testsuite> <!-- Event Adding and Removing -->
