<?xml version="1.0" encoding="UTF-8"?>
<!-- Generated by org.testng.reporters.JUnitXMLReporter -->
<testsuite ignored="1" hostname="NX00441" failures="0" tests="1" name="skillsSet Only" time="9.269" errors="0" timestamp="2020-01-09T20:34:28 PKT">
  <testcase classname="Skills.SkillAddRemove" name="setSkill" time="0.0">
    <skipped/>
  </testcase> <!-- setSkill -->
  <testcase classname="Skills.SkillAddRemove" name="removeSkill" time="0.0">
    <ignored/>
  </testcase> <!-- removeSkill -->
</testsuite> <!-- skillsSet Only -->
