<?xml version="1.0" encoding="UTF-8"?>
<!-- Generated by org.testng.reporters.JUnitXMLReporter -->
<testsuite ignored="0" hostname="NX00441" failures="0" tests="2" name="skillsSet and Removing" time="7.482" errors="0" timestamp="2020-01-09T20:34:19 PKT">
  <testcase classname="Skills.SkillAddRemove" name="setSkill" time="0.0">
    <skipped/>
  </testcase> <!-- setSkill -->
  <testcase classname="Skills.SkillAddRemove" name="removeSkill" time="0.0">
    <skipped/>
  </testcase> <!-- removeSkill -->
</testsuite> <!-- skillsSet and Removing -->
