<?xml version="1.0" encoding="UTF-8"?>
<testng-results ignored="0" total="1" passed="1" failed="0" skipped="0">
  <reporter-output>
  </reporter-output>
  <suite started-at="2020-01-27T13:19:21 PKT" name="Default suite" finished-at="2020-01-27T13:19:34 PKT" duration-ms="13455">
    <groups>
    </groups>
    <test started-at="2020-01-27T13:19:21 PKT" name="Default test" finished-at="2020-01-27T13:19:34 PKT" duration-ms="13455">
      <class name="NextHRMReports.NewTest">
        <test-method signature="f()[pri:0, instance:NextHRMReports.NewTest@f2f2cc1]" started-at="2020-01-27T13:19:21 PKT" name="f" finished-at="2020-01-27T13:19:34 PKT" duration-ms="13418" status="PASS">
          <reporter-output>
          </reporter-output>
        </test-method> <!-- f -->
      </class> <!-- NextHRMReports.NewTest -->
    </test> <!-- Default test -->
  </suite> <!-- Default suite -->
</testng-results>
